<?xml version="1.0" encoding="UTF-8"?>
<!-- Generated by org.testng.reporters.JUnitReportReporter -->
<testsuite hostname="LAPTOP-RBIMGVPE" failures="0" tests="1" name="tests.TestLogin" time="1.617" errors="0" timestamp="2023-11-19T21:38:01 EET" skipped="0">
  <testcase classname="tests.TestLogin" name="invalidPasswordLogin" time="1.617"/>
</testsuite> <!-- tests.TestLogin -->
